<?xml version="1.0" encoding="UTF-8"?>
<robot generator="Robot 4.0.3 (Python 3.7.3 on win32)" generated="20210726 20:50:39.039" rpa="false" schemaversion="2">
<suite id="s1" name="Flipkart" source="E:\Assignment13.1\Tests\flipkart.robot">
<kw name="User is allowed to open Flipkart" type="SETUP">
<kw name="Open Browser" library="SeleniumLibrary">
<arg>${url}</arg>
<arg>${browser}</arg>
<doc>Opens a new browser instance to the optional ``url``.</doc>
<msg timestamp="20210726 20:50:39.561" level="INFO">Opening browser 'gc' to base url 'https://www.flipkart.com/'.</msg>
<status status="PASS" starttime="20210726 20:50:39.560" endtime="20210726 20:50:51.678"/>
</kw>
<kw name="Maximize Browser Window" library="SeleniumLibrary">
<doc>Maximizes current browser window.</doc>
<status status="PASS" starttime="20210726 20:50:51.679" endtime="20210726 20:50:51.812"/>
</kw>
<status status="PASS" starttime="20210726 20:50:39.559" endtime="20210726 20:50:51.812"/>
</kw>
<test id="s1-t1" name="Select your desire device of any electronics accessories and Add to Cart.">
<kw name="And Login with a valid mobile number">
<kw name="Input Text" library="SeleniumLibrary">
<arg>${mob_elem}</arg>
<arg>${mob}</arg>
<doc>Types the given ``text`` into the text field identified by ``locator``.</doc>
<msg timestamp="20210726 20:50:51.833" level="INFO">Typing text '7008448105' into text field 'xpath=//input[@class='_2IX_2- VJZDxU']'.</msg>
<status status="PASS" starttime="20210726 20:50:51.831" endtime="20210726 20:50:52.027"/>
</kw>
<kw name="Input Password" library="SeleniumLibrary">
<arg>${pwd_elem}</arg>
<arg>${pwd}</arg>
<doc>Types the given password into the text field identified by ``locator``.</doc>
<msg timestamp="20210726 20:50:52.027" level="INFO">Typing password into text field 'xpath=//input[@type='password']'.</msg>
<msg timestamp="20210726 20:50:52.110" level="INFO">Temporally setting log level to: NONE</msg>
<msg timestamp="20210726 20:50:52.194" level="INFO">Log level changed from NONE to INFO.</msg>
<status status="PASS" starttime="20210726 20:50:52.027" endtime="20210726 20:50:52.194"/>
</kw>
<kw name="Click Button" library="SeleniumLibrary">
<arg>Login</arg>
<doc>Clicks the button identified by ``locator``.</doc>
<msg timestamp="20210726 20:50:52.194" level="INFO">Clicking button 'Login'.</msg>
<status status="PASS" starttime="20210726 20:50:52.194" endtime="20210726 20:50:52.370"/>
</kw>
<status status="PASS" starttime="20210726 20:50:51.828" endtime="20210726 20:50:52.371"/>
</kw>
<kw name="When User navigates to electronics section">
<kw name="Sleep" library="BuiltIn">
<arg>5s</arg>
<doc>Pauses the test executed for the given time.</doc>
<msg timestamp="20210726 20:50:57.387" level="INFO">Slept 5 seconds</msg>
<status status="PASS" starttime="20210726 20:50:52.374" endtime="20210726 20:50:57.387"/>
</kw>
<kw name="Click Element" library="SeleniumLibrary">
<arg>${ect_elem}</arg>
<doc>Click the element identified by ``locator``.</doc>
<msg timestamp="20210726 20:50:57.387" level="INFO">Clicking element 'xpath=//div[text()='Electronics']'.</msg>
<status status="PASS" starttime="20210726 20:50:57.387" endtime="20210726 20:50:57.489"/>
</kw>
<kw name="Page Should Contain" library="SeleniumLibrary">
<arg>Electronics</arg>
<doc>Verifies that current page contains ``text``.</doc>
<msg timestamp="20210726 20:50:57.518" level="INFO">Current page contains text 'Electronics'.</msg>
<status status="PASS" starttime="20210726 20:50:57.489" endtime="20210726 20:50:57.518"/>
</kw>
<status status="PASS" starttime="20210726 20:50:52.372" endtime="20210726 20:50:57.519"/>
</kw>
<kw name="And User selects the desired device and clicks on add to cart">
<kw name="Input Text" library="SeleniumLibrary">
<arg>${search_bar}</arg>
<arg>${search_item}</arg>
<doc>Types the given ``text`` into the text field identified by ``locator``.</doc>
<msg timestamp="20210726 20:50:57.521" level="INFO">Typing text 'redmi note 6 pro' into text field 'xpath=//input[@name='q']'.</msg>
<status status="PASS" starttime="20210726 20:50:57.520" endtime="20210726 20:50:57.752"/>
</kw>
<kw name="Press Keys" library="SeleniumLibrary">
<arg>${search_bar}</arg>
<arg>ENTER</arg>
<doc>Simulates the user pressing key(s) to an element or on the active browser.</doc>
<msg timestamp="20210726 20:50:57.753" level="INFO">Sending key(s) ('ENTER',) to xpath=//input[@name='q'] element.</msg>
<msg timestamp="20210726 20:50:58.075" level="INFO">Pressing special key ENTER to element.</msg>
<msg timestamp="20210726 20:50:58.076" level="INFO">Releasing special key ENTER.</msg>
<status status="PASS" starttime="20210726 20:50:57.752" endtime="20210726 20:50:58.127"/>
</kw>
<kw name="Wait Until Page Contains Element" library="SeleniumLibrary">
<arg>${item_elem}</arg>
<arg>timeout=20s</arg>
<doc>Waits until the element ``locator`` appears on the current page.</doc>
<status status="PASS" starttime="20210726 20:50:58.127" endtime="20210726 20:50:59.832"/>
</kw>
<kw name="Click Element" library="SeleniumLibrary">
<arg>${item_elem}</arg>
<doc>Click the element identified by ``locator``.</doc>
<msg timestamp="20210726 20:50:59.832" level="INFO">Clicking element '(//div[text()='Redmi Note 6 Pro (Blue, 64 GB)'])[1]'.</msg>
<status status="PASS" starttime="20210726 20:50:59.832" endtime="20210726 20:50:59.976"/>
</kw>
<kw name="Switch Window" library="SeleniumLibrary">
<arg>new</arg>
<doc>Switches to browser window matching ``locator``.</doc>
<status status="PASS" starttime="20210726 20:50:59.977" endtime="20210726 20:50:59.993"/>
</kw>
<kw name="Click Element" library="SeleniumLibrary">
<arg>${add_to_cart}</arg>
<doc>Click the element identified by ``locator``.</doc>
<msg timestamp="20210726 20:50:59.994" level="INFO">Clicking element 'xpath=//button[@class='_2KpZ6l _2U9uOA _3v1-ww']'.</msg>
<status status="PASS" starttime="20210726 20:50:59.993" endtime="20210726 20:51:06.757"/>
</kw>
<status status="PASS" starttime="20210726 20:50:57.519" endtime="20210726 20:51:06.757"/>
</kw>
<kw name="And User navigated to cart and verify if item is added or not">
<kw name="Switch Window" library="SeleniumLibrary">
<arg>main</arg>
<doc>Switches to browser window matching ``locator``.</doc>
<status status="PASS" starttime="20210726 20:51:06.761" endtime="20210726 20:51:06.815"/>
</kw>
<kw name="Click Element" library="SeleniumLibrary">
<arg>${cart_elem}</arg>
<doc>Click the element identified by ``locator``.</doc>
<msg timestamp="20210726 20:51:06.816" level="INFO">Clicking element 'xpath=//span[text()='Cart']'.</msg>
<status status="PASS" starttime="20210726 20:51:06.815" endtime="20210726 20:51:06.986"/>
</kw>
<kw name="Page Should Contain" library="SeleniumLibrary">
<arg>Redmi Note 6 Pro (Blue, 64 GB)</arg>
<doc>Verifies that current page contains ``text``.</doc>
<msg timestamp="20210726 20:51:07.010" level="INFO">Current page contains text 'Redmi Note 6 Pro (Blue, 64 GB)'.</msg>
<status status="PASS" starttime="20210726 20:51:06.986" endtime="20210726 20:51:07.011"/>
</kw>
<status status="PASS" starttime="20210726 20:51:06.760" endtime="20210726 20:51:07.011"/>
</kw>
<tag>demo</tag>
<status status="PASS" starttime="20210726 20:50:51.812" endtime="20210726 20:51:07.012"/>
</test>
<kw name="Close my Browser" type="TEARDOWN">
<kw name="Close Browser" library="SeleniumLibrary">
<doc>Closes the current browser.</doc>
<status status="PASS" starttime="20210726 20:51:07.019" endtime="20210726 20:51:09.859"/>
</kw>
<status status="PASS" starttime="20210726 20:51:07.018" endtime="20210726 20:51:09.859"/>
</kw>
<status status="PASS" starttime="20210726 20:50:39.039" endtime="20210726 20:51:09.859"/>
</suite>
<statistics>
<total>
<stat pass="1" fail="0" skip="0">All Tests</stat>
</total>
<tag>
<stat pass="1" fail="0" skip="0">demo</stat>
</tag>
<suite>
<stat pass="1" fail="0" skip="0" id="s1" name="Flipkart">Flipkart</stat>
</suite>
</statistics>
<errors>
</errors>
</robot>
